2023-09-30 18:17:30,649 [INFO] - Reading data from file: precipitation.csv
2023-09-30 18:17:30,662 [INFO] - Data extraction successful
2023-09-30 18:17:30,663 [INFO] - Reading data from file: agricultural_production.csv
2023-09-30 18:17:30,670 [INFO] - Data extraction successful
2023-09-30 18:17:30,671 [INFO] - Selecting specified columns...
2023-09-30 18:17:30,682 [INFO] - Column selection complete.
2023-09-30 18:17:30,683 [INFO] - Transforming data with ColumnRenamingTransformer...
2023-09-30 18:17:30,683 [INFO] - Transforming data with ColumnRenamingTransformer...
2023-09-30 18:17:30,683 [INFO] - Column renaming start...
2023-09-30 18:17:30,686 [INFO] - Column renaming completed.
2023-09-30 18:17:30,686 [INFO] - Selecting specified columns...
2023-09-30 18:17:30,689 [INFO] - Column selection complete.
2023-09-30 18:17:30,689 [INFO] - Transforming data with pivoting on column 'Item'...
2023-09-30 18:17:30,709 [INFO] - Data transformation complete.
2023-09-30 18:17:30,710 [INFO] - Transforming data with DropDuplicatesTransformer...
2023-09-30 18:17:30,718 [INFO] - Dropping duplicate columns...
2023-09-30 18:17:30,719 [INFO] - Transformation completed.
2023-09-30 18:17:30,719 [INFO] - Transforming data with ColumnRenamingTransformer...
2023-09-30 18:17:30,719 [INFO] - Transforming data with ColumnRenamingTransformer...
2023-09-30 18:17:30,719 [INFO] - Column renaming start...
2023-09-30 18:17:30,720 [INFO] - Column renaming completed.
2023-09-30 18:17:30,721 [INFO] - Applying data blending method: Merge
2023-09-30 18:17:30,726 [INFO] - Data blending complete.
2023-09-30 18:17:30,726 [INFO] - Connecting to PostgreSQL...
2023-09-30 18:17:30,900 [INFO] - Connected to PostgreSQL successfully
2023-09-30 18:17:30,900 [INFO] - Checking if database 'mydatabase' exists...
2023-09-30 18:17:30,954 [INFO] - Database 'mydatabase' already exists.
2023-09-30 18:17:31,159 [INFO] - PostgreSQL connection is established
2023-09-30 18:17:31,160 [INFO] - Dropped table results if it existed.
2023-09-30 18:17:31,259 [INFO] - Table 'results' dropped successfully.
2023-09-30 18:17:31,259 [INFO] - Checking if table 'results' exists...
2023-09-30 18:17:31,301 [INFO] - Table 'results' does not exist; creating it...
2023-09-30 18:17:31,318 [INFO] - Table 'results' creation successful
2023-09-30 18:17:31,318 [INFO] - Reconnecting to PostgreSQL...
2023-09-30 18:17:31,439 [INFO] - Reconnected to PostgreSQL and selected database
2023-09-30 18:17:31,440 [INFO] - Loading data to table : results in database mydatabase
2023-09-30 18:17:31,481 [INFO] - Data loaded successfully
